[0919/220252.545:ERROR:process_reader_win.cc(123)] NtOpenThread: {Acceso denegado} Un proceso ha solicitado acceso a un objeto, pero no se le han concedido esos derechos de acceso. (0xc0000022)
[0919/220252.640:ERROR:exception_snapshot_win.cc(99)] thread ID 3164 not found in process
[0923/111409.479:ERROR:crash_report_database_win.cc(469)] failed to stat report
[0923/112409.490:ERROR:crash_report_database_win.cc(469)] failed to stat report
[0923/112409.490:ERROR:crash_report_database_win.cc(469)] failed to stat report
[0923/112909.489:ERROR:crash_report_database_win.cc(469)] failed to stat report
[0923/114409.489:ERROR:crash_report_database_win.cc(469)] failed to stat report
[0923/115909.491:ERROR:crash_report_database_win.cc(469)] failed to stat report
[0923/121409.493:ERROR:crash_report_database_win.cc(469)] failed to stat report
[0923/122909.506:ERROR:crash_report_database_win.cc(469)] failed to stat report
[0923/124409.508:ERROR:crash_report_database_win.cc(469)] failed to stat report
[0923/125909.508:ERROR:crash_report_database_win.cc(469)] failed to stat report
[0923/131409.509:ERROR:crash_report_database_win.cc(469)] failed to stat report
[0923/132909.509:ERROR:crash_report_database_win.cc(469)] failed to stat report
[0923/134409.510:ERROR:crash_report_database_win.cc(469)] failed to stat report
[0923/135909.511:ERROR:crash_report_database_win.cc(469)] failed to stat report
[0923/141409.511:ERROR:crash_report_database_win.cc(469)] failed to stat report
[0923/142909.511:ERROR:crash_report_database_win.cc(469)] failed to stat report
[0923/144409.512:ERROR:crash_report_database_win.cc(469)] failed to stat report
[0923/145909.514:ERROR:crash_report_database_win.cc(469)] failed to stat report
[0923/151409.516:ERROR:crash_report_database_win.cc(469)] failed to stat report
[0923/152909.517:ERROR:crash_report_database_win.cc(469)] failed to stat report
[0923/154409.518:ERROR:crash_report_database_win.cc(469)] failed to stat report
[0923/155909.520:ERROR:crash_report_database_win.cc(469)] failed to stat report
[0923/161409.520:ERROR:crash_report_database_win.cc(469)] failed to stat report
[0923/162909.521:ERROR:crash_report_database_win.cc(469)] failed to stat report
[0923/164409.522:ERROR:crash_report_database_win.cc(469)] failed to stat report
[0923/165909.524:ERROR:crash_report_database_win.cc(469)] failed to stat report
[0923/171409.526:ERROR:crash_report_database_win.cc(469)] failed to stat report
[0923/172909.529:ERROR:crash_report_database_win.cc(469)] failed to stat report
[0923/174409.530:ERROR:crash_report_database_win.cc(469)] failed to stat report
[0923/175909.533:ERROR:crash_report_database_win.cc(469)] failed to stat report
[0923/181409.534:ERROR:crash_report_database_win.cc(469)] failed to stat report
[0923/182909.535:ERROR:crash_report_database_win.cc(469)] failed to stat report
[0923/184409.536:ERROR:crash_report_database_win.cc(469)] failed to stat report
[0923/185909.537:ERROR:crash_report_database_win.cc(469)] failed to stat report
[0923/191409.537:ERROR:crash_report_database_win.cc(469)] failed to stat report
[0923/192909.538:ERROR:crash_report_database_win.cc(469)] failed to stat report
[0923/194409.539:ERROR:crash_report_database_win.cc(469)] failed to stat report
[0923/195909.542:ERROR:crash_report_database_win.cc(469)] failed to stat report
[0923/201409.556:ERROR:crash_report_database_win.cc(469)] failed to stat report
[0923/202909.557:ERROR:crash_report_database_win.cc(469)] failed to stat report
[0923/204409.558:ERROR:crash_report_database_win.cc(469)] failed to stat report
[0923/205909.559:ERROR:crash_report_database_win.cc(469)] failed to stat report
[0923/211409.559:ERROR:crash_report_database_win.cc(469)] failed to stat report
[0923/212909.560:ERROR:crash_report_database_win.cc(469)] failed to stat report
[0923/214409.560:ERROR:crash_report_database_win.cc(469)] failed to stat report
[0923/215909.561:ERROR:crash_report_database_win.cc(469)] failed to stat report
[0923/221409.561:ERROR:crash_report_database_win.cc(469)] failed to stat report
[0923/222909.563:ERROR:crash_report_database_win.cc(469)] failed to stat report
[0923/224409.565:ERROR:crash_report_database_win.cc(469)] failed to stat report
[0923/225909.566:ERROR:crash_report_database_win.cc(469)] failed to stat report
[0923/231409.568:ERROR:crash_report_database_win.cc(469)] failed to stat report
[0923/232909.569:ERROR:crash_report_database_win.cc(469)] failed to stat report
[0923/234409.571:ERROR:crash_report_database_win.cc(469)] failed to stat report
[0923/235909.574:ERROR:crash_report_database_win.cc(469)] failed to stat report
[0924/001409.576:ERROR:crash_report_database_win.cc(469)] failed to stat report
[0924/002909.577:ERROR:crash_report_database_win.cc(469)] failed to stat report
[0924/004409.579:ERROR:crash_report_database_win.cc(469)] failed to stat report
[0924/005909.581:ERROR:crash_report_database_win.cc(469)] failed to stat report
[0924/011409.582:ERROR:crash_report_database_win.cc(469)] failed to stat report
[0924/012909.583:ERROR:crash_report_database_win.cc(469)] failed to stat report
[0924/014409.585:ERROR:crash_report_database_win.cc(469)] failed to stat report
[0924/015909.585:ERROR:crash_report_database_win.cc(469)] failed to stat report
[0924/021409.586:ERROR:crash_report_database_win.cc(469)] failed to stat report
[0924/022909.586:ERROR:crash_report_database_win.cc(469)] failed to stat report
[0924/024409.588:ERROR:crash_report_database_win.cc(469)] failed to stat report
[0924/025909.589:ERROR:crash_report_database_win.cc(469)] failed to stat report
[0924/031409.590:ERROR:crash_report_database_win.cc(469)] failed to stat report
[0924/032909.590:ERROR:crash_report_database_win.cc(469)] failed to stat report
[0924/034409.593:ERROR:crash_report_database_win.cc(469)] failed to stat report
[0924/035909.596:ERROR:crash_report_database_win.cc(469)] failed to stat report
[0924/041409.598:ERROR:crash_report_database_win.cc(469)] failed to stat report
[0924/042909.598:ERROR:crash_report_database_win.cc(469)] failed to stat report
[0924/044409.598:ERROR:crash_report_database_win.cc(469)] failed to stat report
[0924/045909.600:ERROR:crash_report_database_win.cc(469)] failed to stat report
[0924/051409.603:ERROR:crash_report_database_win.cc(469)] failed to stat report
[0924/052909.605:ERROR:crash_report_database_win.cc(469)] failed to stat report
[0924/054409.606:ERROR:crash_report_database_win.cc(469)] failed to stat report
[0924/055909.606:ERROR:crash_report_database_win.cc(469)] failed to stat report
[0924/061409.608:ERROR:crash_report_database_win.cc(469)] failed to stat report
[0924/062909.610:ERROR:crash_report_database_win.cc(469)] failed to stat report
[0924/064409.612:ERROR:crash_report_database_win.cc(469)] failed to stat report
[0924/065909.612:ERROR:crash_report_database_win.cc(469)] failed to stat report
[0924/071409.613:ERROR:crash_report_database_win.cc(469)] failed to stat report
[0924/072909.614:ERROR:crash_report_database_win.cc(469)] failed to stat report
[0924/074409.615:ERROR:crash_report_database_win.cc(469)] failed to stat report
[0924/075909.616:ERROR:crash_report_database_win.cc(469)] failed to stat report
[0924/081409.616:ERROR:crash_report_database_win.cc(469)] failed to stat report
[0924/082909.616:ERROR:crash_report_database_win.cc(469)] failed to stat report
[0924/084409.617:ERROR:crash_report_database_win.cc(469)] failed to stat report
[0924/085909.617:ERROR:crash_report_database_win.cc(469)] failed to stat report
[0924/144859.605:ERROR:crash_report_database_win.cc(469)] failed to stat report
[0924/145859.606:ERROR:crash_report_database_win.cc(469)] failed to stat report
[0924/145859.606:ERROR:crash_report_database_win.cc(469)] failed to stat report
[0924/150359.609:ERROR:crash_report_database_win.cc(469)] failed to stat report
[0924/151859.610:ERROR:crash_report_database_win.cc(469)] failed to stat report
[0924/153359.611:ERROR:crash_report_database_win.cc(469)] failed to stat report
[0924/154859.613:ERROR:crash_report_database_win.cc(469)] failed to stat report
[0924/155210.727:ERROR:crash_report_database_win.cc(469)] failed to stat report
[0924/160210.727:ERROR:crash_report_database_win.cc(469)] failed to stat report
[0924/160210.728:ERROR:crash_report_database_win.cc(469)] failed to stat report
[0924/160710.728:ERROR:crash_report_database_win.cc(469)] failed to stat report
[0924/162340.054:ERROR:crash_report_database_win.cc(469)] failed to stat report
[0924/163147.903:ERROR:crash_report_database_win.cc(469)] failed to stat report
[0924/165217.877:ERROR:crash_report_database_win.cc(469)] failed to stat report
[0924/170217.877:ERROR:crash_report_database_win.cc(469)] failed to stat report
[0924/170217.878:ERROR:crash_report_database_win.cc(469)] failed to stat report
[0924/170717.878:ERROR:crash_report_database_win.cc(469)] failed to stat report
[0924/174542.826:ERROR:crash_report_database_win.cc(469)] failed to stat report
[0924/175542.828:ERROR:crash_report_database_win.cc(469)] failed to stat report
[0924/175542.829:ERROR:crash_report_database_win.cc(469)] failed to stat report
[0924/180042.830:ERROR:crash_report_database_win.cc(469)] failed to stat report
[0924/181105.465:ERROR:crash_report_database_win.cc(469)] failed to stat report
[0924/181431.843:ERROR:crash_report_database_win.cc(469)] failed to stat report
[0924/182431.842:ERROR:crash_report_database_win.cc(469)] failed to stat report
[0924/182431.843:ERROR:crash_report_database_win.cc(469)] failed to stat report
[0924/182931.844:ERROR:crash_report_database_win.cc(469)] failed to stat report
[0924/184431.858:ERROR:crash_report_database_win.cc(469)] failed to stat report
[0924/185931.859:ERROR:crash_report_database_win.cc(469)] failed to stat report
[0924/191431.861:ERROR:crash_report_database_win.cc(469)] failed to stat report
[0924/192931.862:ERROR:crash_report_database_win.cc(469)] failed to stat report
[0924/194431.863:ERROR:crash_report_database_win.cc(469)] failed to stat report
[0924/195931.864:ERROR:crash_report_database_win.cc(469)] failed to stat report
[0924/200249.678:ERROR:crash_report_database_win.cc(469)] failed to stat report
[0924/202802.260:ERROR:crash_report_database_win.cc(469)] failed to stat report
[0924/203802.259:ERROR:crash_report_database_win.cc(469)] failed to stat report
[0924/203802.260:ERROR:crash_report_database_win.cc(469)] failed to stat report
[0924/204302.261:ERROR:crash_report_database_win.cc(469)] failed to stat report
[0924/205802.261:ERROR:crash_report_database_win.cc(469)] failed to stat report
[0924/211302.262:ERROR:crash_report_database_win.cc(469)] failed to stat report
[0925/141337.358:ERROR:crash_report_database_win.cc(469)] failed to stat report
[0925/141337.369:ERROR:crash_report_database_win.cc(469)] failed to stat report
[0925/141337.369:ERROR:crash_report_database_win.cc(469)] failed to stat report
[0925/142337.358:ERROR:crash_report_database_win.cc(469)] failed to stat report
[0925/142337.358:ERROR:crash_report_database_win.cc(469)] failed to stat report
[0925/142337.358:ERROR:crash_report_database_win.cc(469)] failed to stat report
[0925/142337.358:ERROR:crash_report_database_win.cc(469)] failed to stat report
[0925/142337.358:ERROR:crash_report_database_win.cc(469)] failed to stat report
[0925/142337.358:ERROR:crash_report_database_win.cc(469)] failed to stat report
[0925/142837.374:ERROR:crash_report_database_win.cc(469)] failed to stat report
[0925/142837.375:ERROR:crash_report_database_win.cc(469)] failed to stat report
[0925/142837.375:ERROR:crash_report_database_win.cc(469)] failed to stat report
[0925/144337.377:ERROR:crash_report_database_win.cc(469)] failed to stat report
[0925/144337.377:ERROR:crash_report_database_win.cc(469)] failed to stat report
[0925/144337.377:ERROR:crash_report_database_win.cc(469)] failed to stat report
[0925/145837.377:ERROR:crash_report_database_win.cc(469)] failed to stat report
[0925/145837.377:ERROR:crash_report_database_win.cc(469)] failed to stat report
[0925/145837.377:ERROR:crash_report_database_win.cc(469)] failed to stat report
[0925/151337.378:ERROR:crash_report_database_win.cc(469)] failed to stat report
[0925/151337.378:ERROR:crash_report_database_win.cc(469)] failed to stat report
[0925/151337.379:ERROR:crash_report_database_win.cc(469)] failed to stat report
[0925/152837.381:ERROR:crash_report_database_win.cc(469)] failed to stat report
[0925/152837.381:ERROR:crash_report_database_win.cc(469)] failed to stat report
[0925/152837.381:ERROR:crash_report_database_win.cc(469)] failed to stat report
[0925/154337.382:ERROR:crash_report_database_win.cc(469)] failed to stat report
[0925/154337.382:ERROR:crash_report_database_win.cc(469)] failed to stat report
[0925/154337.382:ERROR:crash_report_database_win.cc(469)] failed to stat report
[0925/155837.384:ERROR:crash_report_database_win.cc(469)] failed to stat report
[0925/155837.384:ERROR:crash_report_database_win.cc(469)] failed to stat report
[0925/155837.384:ERROR:crash_report_database_win.cc(469)] failed to stat report
[0925/161337.384:ERROR:crash_report_database_win.cc(469)] failed to stat report
[0925/161337.384:ERROR:crash_report_database_win.cc(469)] failed to stat report
[0925/161337.384:ERROR:crash_report_database_win.cc(469)] failed to stat report
[0925/162837.385:ERROR:crash_report_database_win.cc(469)] failed to stat report
[0925/162837.385:ERROR:crash_report_database_win.cc(469)] failed to stat report
[0925/162837.385:ERROR:crash_report_database_win.cc(469)] failed to stat report
[0925/164337.387:ERROR:crash_report_database_win.cc(469)] failed to stat report
[0925/164337.387:ERROR:crash_report_database_win.cc(469)] failed to stat report
[0925/164337.387:ERROR:crash_report_database_win.cc(469)] failed to stat report
[0925/165837.388:ERROR:crash_report_database_win.cc(469)] failed to stat report
[0925/165837.388:ERROR:crash_report_database_win.cc(469)] failed to stat report
[0925/165837.388:ERROR:crash_report_database_win.cc(469)] failed to stat report
[0925/171337.390:ERROR:crash_report_database_win.cc(469)] failed to stat report
[0925/171337.390:ERROR:crash_report_database_win.cc(469)] failed to stat report
[0925/171337.390:ERROR:crash_report_database_win.cc(469)] failed to stat report
[0925/172837.391:ERROR:crash_report_database_win.cc(469)] failed to stat report
[0925/172837.391:ERROR:crash_report_database_win.cc(469)] failed to stat report
[0925/172837.391:ERROR:crash_report_database_win.cc(469)] failed to stat report
[0925/174337.392:ERROR:crash_report_database_win.cc(469)] failed to stat report
[0925/174337.392:ERROR:crash_report_database_win.cc(469)] failed to stat report
[0925/174337.392:ERROR:crash_report_database_win.cc(469)] failed to stat report
[0925/175837.393:ERROR:crash_report_database_win.cc(469)] failed to stat report
[0925/175837.393:ERROR:crash_report_database_win.cc(469)] failed to stat report
[0925/175837.393:ERROR:crash_report_database_win.cc(469)] failed to stat report
[0925/181337.393:ERROR:crash_report_database_win.cc(469)] failed to stat report
[0925/181337.394:ERROR:crash_report_database_win.cc(469)] failed to stat report
[0925/181337.394:ERROR:crash_report_database_win.cc(469)] failed to stat report
[0925/182837.395:ERROR:crash_report_database_win.cc(469)] failed to stat report
[0925/182837.395:ERROR:crash_report_database_win.cc(469)] failed to stat report
[0925/182837.395:ERROR:crash_report_database_win.cc(469)] failed to stat report
[0925/184337.397:ERROR:crash_report_database_win.cc(469)] failed to stat report
[0925/184337.397:ERROR:crash_report_database_win.cc(469)] failed to stat report
[0925/184337.397:ERROR:crash_report_database_win.cc(469)] failed to stat report
[0925/185837.401:ERROR:crash_report_database_win.cc(469)] failed to stat report
[0925/185837.401:ERROR:crash_report_database_win.cc(469)] failed to stat report
[0925/185837.401:ERROR:crash_report_database_win.cc(469)] failed to stat report
[0925/191337.401:ERROR:crash_report_database_win.cc(469)] failed to stat report
[0925/191337.401:ERROR:crash_report_database_win.cc(469)] failed to stat report
[0925/191337.401:ERROR:crash_report_database_win.cc(469)] failed to stat report
[0925/192837.402:ERROR:crash_report_database_win.cc(469)] failed to stat report
[0925/192837.402:ERROR:crash_report_database_win.cc(469)] failed to stat report
[0925/192837.402:ERROR:crash_report_database_win.cc(469)] failed to stat report
[0925/194337.402:ERROR:crash_report_database_win.cc(469)] failed to stat report
[0925/194337.402:ERROR:crash_report_database_win.cc(469)] failed to stat report
[0925/194337.402:ERROR:crash_report_database_win.cc(469)] failed to stat report
[0925/195837.404:ERROR:crash_report_database_win.cc(469)] failed to stat report
[0925/195837.404:ERROR:crash_report_database_win.cc(469)] failed to stat report
[0925/195837.404:ERROR:crash_report_database_win.cc(469)] failed to stat report
[0925/201337.405:ERROR:crash_report_database_win.cc(469)] failed to stat report
[0925/201337.406:ERROR:crash_report_database_win.cc(469)] failed to stat report
[0925/201337.406:ERROR:crash_report_database_win.cc(469)] failed to stat report
[0925/202837.406:ERROR:crash_report_database_win.cc(469)] failed to stat report
[0925/202837.406:ERROR:crash_report_database_win.cc(469)] failed to stat report
[0925/202837.406:ERROR:crash_report_database_win.cc(469)] failed to stat report
[0925/204337.443:ERROR:crash_report_database_win.cc(469)] failed to stat report
[0925/204337.443:ERROR:crash_report_database_win.cc(469)] failed to stat report
[0925/204337.444:ERROR:crash_report_database_win.cc(469)] failed to stat report
[0925/205837.468:ERROR:crash_report_database_win.cc(469)] failed to stat report
[0925/205837.468:ERROR:crash_report_database_win.cc(469)] failed to stat report
[0925/205837.468:ERROR:crash_report_database_win.cc(469)] failed to stat report
[0925/211337.469:ERROR:crash_report_database_win.cc(469)] failed to stat report
[0925/211337.469:ERROR:crash_report_database_win.cc(469)] failed to stat report
[0925/211337.469:ERROR:crash_report_database_win.cc(469)] failed to stat report
[0925/212837.469:ERROR:crash_report_database_win.cc(469)] failed to stat report
[0925/212837.469:ERROR:crash_report_database_win.cc(469)] failed to stat report
[0925/212837.469:ERROR:crash_report_database_win.cc(469)] failed to stat report
[0925/214337.470:ERROR:crash_report_database_win.cc(469)] failed to stat report
[0925/214337.470:ERROR:crash_report_database_win.cc(469)] failed to stat report
[0925/214337.470:ERROR:crash_report_database_win.cc(469)] failed to stat report
[0925/215755.810:ERROR:process_reader_win.cc(123)] NtOpenThread: {Acceso denegado} Un proceso ha solicitado acceso a un objeto, pero no se le han concedido esos derechos de acceso. (0xc0000022)
[0925/215755.810:ERROR:process_reader_win.cc(123)] NtOpenThread: {Acceso denegado} Un proceso ha solicitado acceso a un objeto, pero no se le han concedido esos derechos de acceso. (0xc0000022)
[0925/215755.856:ERROR:exception_snapshot_win.cc(99)] thread ID 10948 not found in process
[0925/215755.856:ERROR:exception_snapshot_win.cc(99)] thread ID 19636 not found in process
[0925/215755.856:ERROR:scoped_process_suspend.cc(40)] NtResumeProcess: Se intentó obtener acceso a un proceso que está cerrándose. (0xc000010a)
[0926/101557.705:ERROR:crash_report_database_win.cc(469)] failed to stat report
[0926/101557.705:ERROR:crash_report_database_win.cc(469)] failed to stat report
[0926/101557.705:ERROR:crash_report_database_win.cc(469)] failed to stat report
[0926/102557.706:ERROR:crash_report_database_win.cc(469)] failed to stat report
[0926/102557.706:ERROR:crash_report_database_win.cc(469)] failed to stat report
[0926/102557.706:ERROR:crash_report_database_win.cc(469)] failed to stat report
[0926/102557.706:ERROR:crash_report_database_win.cc(469)] failed to stat report
[0926/102557.706:ERROR:crash_report_database_win.cc(469)] failed to stat report
[0926/102557.706:ERROR:crash_report_database_win.cc(469)] failed to stat report
[0926/103057.707:ERROR:crash_report_database_win.cc(469)] failed to stat report
[0926/103057.707:ERROR:crash_report_database_win.cc(469)] failed to stat report
[0926/103057.707:ERROR:crash_report_database_win.cc(469)] failed to stat report
[0926/104557.707:ERROR:crash_report_database_win.cc(469)] failed to stat report
[0926/104557.707:ERROR:crash_report_database_win.cc(469)] failed to stat report
[0926/104557.707:ERROR:crash_report_database_win.cc(469)] failed to stat report
[0926/110057.708:ERROR:crash_report_database_win.cc(469)] failed to stat report
[0926/110057.708:ERROR:crash_report_database_win.cc(469)] failed to stat report
[0926/110057.708:ERROR:crash_report_database_win.cc(469)] failed to stat report
[0926/111557.709:ERROR:crash_report_database_win.cc(469)] failed to stat report
[0926/111557.709:ERROR:crash_report_database_win.cc(469)] failed to stat report
[0926/111557.709:ERROR:crash_report_database_win.cc(469)] failed to stat report
[0926/113057.710:ERROR:crash_report_database_win.cc(469)] failed to stat report
[0926/113057.710:ERROR:crash_report_database_win.cc(469)] failed to stat report
[0926/113057.710:ERROR:crash_report_database_win.cc(469)] failed to stat report
[0926/114557.712:ERROR:crash_report_database_win.cc(469)] failed to stat report
[0926/114557.712:ERROR:crash_report_database_win.cc(469)] failed to stat report
[0926/114557.712:ERROR:crash_report_database_win.cc(469)] failed to stat report
[0926/120057.712:ERROR:crash_report_database_win.cc(469)] failed to stat report
[0926/120057.712:ERROR:crash_report_database_win.cc(469)] failed to stat report
[0926/120057.712:ERROR:crash_report_database_win.cc(469)] failed to stat report
[0926/121557.715:ERROR:crash_report_database_win.cc(469)] failed to stat report
[0926/121557.715:ERROR:crash_report_database_win.cc(469)] failed to stat report
[0926/121557.715:ERROR:crash_report_database_win.cc(469)] failed to stat report
[0926/123057.716:ERROR:crash_report_database_win.cc(469)] failed to stat report
[0926/123057.716:ERROR:crash_report_database_win.cc(469)] failed to stat report
[0926/123057.717:ERROR:crash_report_database_win.cc(469)] failed to stat report
[0926/124557.720:ERROR:crash_report_database_win.cc(469)] failed to stat report
[0926/124557.720:ERROR:crash_report_database_win.cc(469)] failed to stat report
[0926/124557.720:ERROR:crash_report_database_win.cc(469)] failed to stat report
[0926/130057.722:ERROR:crash_report_database_win.cc(469)] failed to stat report
[0926/130057.722:ERROR:crash_report_database_win.cc(469)] failed to stat report
[0926/130057.722:ERROR:crash_report_database_win.cc(469)] failed to stat report
[0926/131557.723:ERROR:crash_report_database_win.cc(469)] failed to stat report
[0926/131557.723:ERROR:crash_report_database_win.cc(469)] failed to stat report
[0926/131557.723:ERROR:crash_report_database_win.cc(469)] failed to stat report
[0926/133057.724:ERROR:crash_report_database_win.cc(469)] failed to stat report
[0926/133057.724:ERROR:crash_report_database_win.cc(469)] failed to stat report
[0926/133057.724:ERROR:crash_report_database_win.cc(469)] failed to stat report
[0926/134557.725:ERROR:crash_report_database_win.cc(469)] failed to stat report
[0926/134557.725:ERROR:crash_report_database_win.cc(469)] failed to stat report
[0926/134557.725:ERROR:crash_report_database_win.cc(469)] failed to stat report
[0926/140057.726:ERROR:crash_report_database_win.cc(469)] failed to stat report
[0926/140057.726:ERROR:crash_report_database_win.cc(469)] failed to stat report
[0926/140057.726:ERROR:crash_report_database_win.cc(469)] failed to stat report
[0926/141557.726:ERROR:crash_report_database_win.cc(469)] failed to stat report
[0926/141557.726:ERROR:crash_report_database_win.cc(469)] failed to stat report
[0926/141557.726:ERROR:crash_report_database_win.cc(469)] failed to stat report
[0926/143057.727:ERROR:crash_report_database_win.cc(469)] failed to stat report
[0926/143057.727:ERROR:crash_report_database_win.cc(469)] failed to stat report
[0926/143057.727:ERROR:crash_report_database_win.cc(469)] failed to stat report
[0926/144557.729:ERROR:crash_report_database_win.cc(469)] failed to stat report
[0926/144557.729:ERROR:crash_report_database_win.cc(469)] failed to stat report
[0926/144557.729:ERROR:crash_report_database_win.cc(469)] failed to stat report
[0926/150057.729:ERROR:crash_report_database_win.cc(469)] failed to stat report
[0926/150057.729:ERROR:crash_report_database_win.cc(469)] failed to stat report
[0926/150057.729:ERROR:crash_report_database_win.cc(469)] failed to stat report
[0926/151557.731:ERROR:crash_report_database_win.cc(469)] failed to stat report
[0926/151557.731:ERROR:crash_report_database_win.cc(469)] failed to stat report
[0926/151557.731:ERROR:crash_report_database_win.cc(469)] failed to stat report
[0926/153057.733:ERROR:crash_report_database_win.cc(469)] failed to stat report
[0926/153057.734:ERROR:crash_report_database_win.cc(469)] failed to stat report
[0926/153057.734:ERROR:crash_report_database_win.cc(469)] failed to stat report
[0926/154557.736:ERROR:crash_report_database_win.cc(469)] failed to stat report
[0926/154557.736:ERROR:crash_report_database_win.cc(469)] failed to stat report
[0926/154557.736:ERROR:crash_report_database_win.cc(469)] failed to stat report
[0926/160057.746:ERROR:crash_report_database_win.cc(469)] failed to stat report
[0926/160057.747:ERROR:crash_report_database_win.cc(469)] failed to stat report
[0926/160057.747:ERROR:crash_report_database_win.cc(469)] failed to stat report
[0926/161557.748:ERROR:crash_report_database_win.cc(469)] failed to stat report
[0926/161557.748:ERROR:crash_report_database_win.cc(469)] failed to stat report
[0926/161557.748:ERROR:crash_report_database_win.cc(469)] failed to stat report
[0926/163057.749:ERROR:crash_report_database_win.cc(469)] failed to stat report
[0926/163057.749:ERROR:crash_report_database_win.cc(469)] failed to stat report
[0926/163057.749:ERROR:crash_report_database_win.cc(469)] failed to stat report
[0926/164557.750:ERROR:crash_report_database_win.cc(469)] failed to stat report
[0926/164557.750:ERROR:crash_report_database_win.cc(469)] failed to stat report
[0926/164557.750:ERROR:crash_report_database_win.cc(469)] failed to stat report
[0926/170057.750:ERROR:crash_report_database_win.cc(469)] failed to stat report
[0926/170057.750:ERROR:crash_report_database_win.cc(469)] failed to stat report
[0926/170057.750:ERROR:crash_report_database_win.cc(469)] failed to stat report
[0926/171557.750:ERROR:crash_report_database_win.cc(469)] failed to stat report
[0926/171557.751:ERROR:crash_report_database_win.cc(469)] failed to stat report
[0926/171557.751:ERROR:crash_report_database_win.cc(469)] failed to stat report
[0926/173057.751:ERROR:crash_report_database_win.cc(469)] failed to stat report
[0926/173057.751:ERROR:crash_report_database_win.cc(469)] failed to stat report
[0926/173057.751:ERROR:crash_report_database_win.cc(469)] failed to stat report
[0926/174557.753:ERROR:crash_report_database_win.cc(469)] failed to stat report
[0926/174557.753:ERROR:crash_report_database_win.cc(469)] failed to stat report
[0926/174557.753:ERROR:crash_report_database_win.cc(469)] failed to stat report
[0926/180057.767:ERROR:crash_report_database_win.cc(469)] failed to stat report
[0926/180057.767:ERROR:crash_report_database_win.cc(469)] failed to stat report
[0926/180057.767:ERROR:crash_report_database_win.cc(469)] failed to stat report
[1015/123746.007:ERROR:directory_reader_win.cc(43)] FindFirstFile: El sistema no puede encontrar la ruta especificada. (0x3)
[1019/053216.072:ERROR:directory_reader_win.cc(43)] FindFirstFile: El sistema no puede encontrar la ruta especificada. (0x3)
[1019/233216.445:ERROR:directory_reader_win.cc(43)] FindFirstFile: El sistema no puede encontrar la ruta especificada. (0x3)
[1020/130748.647:ERROR:directory_reader_win.cc(43)] FindFirstFile: El sistema no puede encontrar la ruta especificada. (0x3)
[1020/224731.788:ERROR:directory_reader_win.cc(43)] FindFirstFile: El sistema no puede encontrar la ruta especificada. (0x3)
[1021/224730.350:ERROR:directory_reader_win.cc(43)] FindFirstFile: El sistema no puede encontrar la ruta especificada. (0x3)
[1022/155606.146:ERROR:directory_reader_win.cc(43)] FindFirstFile: El sistema no puede encontrar la ruta especificada. (0x3)
[1023/181806.604:ERROR:directory_reader_win.cc(43)] FindFirstFile: El sistema no puede encontrar la ruta especificada. (0x3)
[1023/184305.019:ERROR:directory_reader_win.cc(43)] FindFirstFile: El sistema no puede encontrar la ruta especificada. (0x3)
[1023/190853.638:ERROR:directory_reader_win.cc(43)] FindFirstFile: El sistema no puede encontrar la ruta especificada. (0x3)
[1024/105712.723:ERROR:directory_reader_win.cc(43)] FindFirstFile: El sistema no puede encontrar la ruta especificada. (0x3)
[1024/111355.816:ERROR:directory_reader_win.cc(43)] FindFirstFile: El sistema no puede encontrar la ruta especificada. (0x3)
[1024/155835.400:ERROR:directory_reader_win.cc(43)] FindFirstFile: El sistema no puede encontrar la ruta especificada. (0x3)
[1025/101427.983:ERROR:directory_reader_win.cc(43)] FindFirstFile: El sistema no puede encontrar la ruta especificada. (0x3)
[1025/192617.823:ERROR:directory_reader_win.cc(43)] FindFirstFile: El sistema no puede encontrar la ruta especificada. (0x3)
[1025/204504.944:ERROR:directory_reader_win.cc(43)] FindFirstFile: El sistema no puede encontrar la ruta especificada. (0x3)
[1026/120554.419:ERROR:directory_reader_win.cc(43)] FindFirstFile: El sistema no puede encontrar la ruta especificada. (0x3)
[1027/175504.838:ERROR:directory_reader_win.cc(43)] FindFirstFile: El sistema no puede encontrar la ruta especificada. (0x3)
[1027/180527.123:ERROR:directory_reader_win.cc(43)] FindFirstFile: El sistema no puede encontrar la ruta especificada. (0x3)
[1027/181551.123:ERROR:directory_reader_win.cc(43)] FindFirstFile: El sistema no puede encontrar la ruta especificada. (0x3)
[1027/183916.006:ERROR:directory_reader_win.cc(43)] FindFirstFile: El sistema no puede encontrar la ruta especificada. (0x3)
[1029/150848.259:ERROR:directory_reader_win.cc(43)] FindFirstFile: El sistema no puede encontrar la ruta especificada. (0x3)
[1029/161339.000:ERROR:directory_reader_win.cc(43)] FindFirstFile: El sistema no puede encontrar la ruta especificada. (0x3)
[1030/153240.222:ERROR:directory_reader_win.cc(43)] FindFirstFile: El sistema no puede encontrar la ruta especificada. (0x3)
